{"F:\\ECommerceApp\\ecommerceapp\\src\\App.js": {"path":"F:\\ECommerceApp\\ecommerceapp\\src\\App.js","statementMap":{"0":{"start":{"line":11,"column":26},"end":{"line":11,"column":41}},"1":{"start":{"line":13,"column":2},"end":{"line":17,"column":9}},"2":{"start":{"line":14,"column":4},"end":{"line":16,"column":62}},"3":{"start":{"line":15,"column":19},"end":{"line":15,"column":29}},"4":{"start":{"line":16,"column":22},"end":{"line":16,"column":40}},"5":{"start":{"line":16,"column":41},"end":{"line":16,"column":58}},"6":{"start":{"line":19,"column":2},"end":{"line":28,"column":4}}},"fnMap":{"0":{"name":"App","decl":{"start":{"line":10,"column":9},"end":{"line":10,"column":12}},"loc":{"start":{"line":10,"column":15},"end":{"line":29,"column":1}},"line":10},"1":{"name":"(anonymous_1)","decl":{"start":{"line":13,"column":12},"end":{"line":13,"column":13}},"loc":{"start":{"line":13,"column":18},"end":{"line":17,"column":3}},"line":13},"2":{"name":"(anonymous_2)","decl":{"start":{"line":15,"column":12},"end":{"line":15,"column":13}},"loc":{"start":{"line":15,"column":19},"end":{"line":15,"column":29}},"line":15},"3":{"name":"(anonymous_3)","decl":{"start":{"line":16,"column":12},"end":{"line":16,"column":13}},"loc":{"start":{"line":16,"column":20},"end":{"line":16,"column":60}},"line":16}},"branchMap":{},"s":{"0":1,"1":1,"2":1,"3":1,"4":1,"5":1,"6":1},"f":{"0":1,"1":1,"2":1,"3":1},"b":{},"_coverageSchema":"1a1c01bbd47fc00a2c39e90264f33305004495a9","hash":"1f9018c80de6e95b0f4314ceba37e9a793150ff1"}
,"F:\\ECommerceApp\\ecommerceapp\\src\\routes.js": {"path":"F:\\ECommerceApp\\ecommerceapp\\src\\routes.js","statementMap":{"0":{"start":{"line":7,"column":24},"end":{"line":16,"column":1}},"1":{"start":{"line":8,"column":4},"end":{"line":15,"column":6}}},"fnMap":{"0":{"name":"(anonymous_0)","decl":{"start":{"line":7,"column":24},"end":{"line":7,"column":25}},"loc":{"start":{"line":7,"column":30},"end":{"line":16,"column":1}},"line":7}},"branchMap":{},"s":{"0":3,"1":1},"f":{"0":1},"b":{},"_coverageSchema":"1a1c01bbd47fc00a2c39e90264f33305004495a9","hash":"5b91e507d58a105c5500ce279a1d50f3bef5eb0e"}
,"F:\\ECommerceApp\\ecommerceapp\\src\\components\\cart\\EmptyCart.js": {"path":"F:\\ECommerceApp\\ecommerceapp\\src\\components\\cart\\EmptyCart.js","statementMap":{"0":{"start":{"line":6,"column":19},"end":{"line":8,"column":1}},"1":{"start":{"line":10,"column":18},"end":{"line":18,"column":1}},"2":{"start":{"line":11,"column":2},"end":{"line":17,"column":15}}},"fnMap":{"0":{"name":"(anonymous_0)","decl":{"start":{"line":10,"column":18},"end":{"line":10,"column":19}},"loc":{"start":{"line":10,"column":24},"end":{"line":18,"column":1}},"line":10}},"branchMap":{},"s":{"0":3,"1":3,"2":1},"f":{"0":1},"b":{},"_coverageSchema":"1a1c01bbd47fc00a2c39e90264f33305004495a9","hash":"94e8bdff3f1469b8d504b214e00b00f14677af62"}
,"F:\\ECommerceApp\\ecommerceapp\\src\\components\\cart\\FilledCart.js": {"path":"F:\\ECommerceApp\\ecommerceapp\\src\\components\\cart\\FilledCart.js","statementMap":{"0":{"start":{"line":8,"column":19},"end":{"line":10,"column":1}},"1":{"start":{"line":12,"column":19},"end":{"line":23,"column":1}},"2":{"start":{"line":13,"column":30},"end":{"line":13,"column":46}},"3":{"start":{"line":14,"column":2},"end":{"line":22,"column":4}},"4":{"start":{"line":16,"column":26},"end":{"line":16,"column":78}}},"fnMap":{"0":{"name":"(anonymous_0)","decl":{"start":{"line":12,"column":19},"end":{"line":12,"column":20}},"loc":{"start":{"line":12,"column":25},"end":{"line":23,"column":1}},"line":12},"1":{"name":"(anonymous_1)","decl":{"start":{"line":16,"column":16},"end":{"line":16,"column":17}},"loc":{"start":{"line":16,"column":26},"end":{"line":16,"column":78}},"line":16}},"branchMap":{},"s":{"0":3,"1":3,"2":1,"3":1,"4":1},"f":{"0":1,"1":1},"b":{},"_coverageSchema":"1a1c01bbd47fc00a2c39e90264f33305004495a9","hash":"72758abea28ce3fcec17f91607646c343c981879"}
,"F:\\ECommerceApp\\ecommerceapp\\src\\components\\cart\\index.js": {"path":"F:\\ECommerceApp\\ecommerceapp\\src\\components\\cart\\index.js","statementMap":{"0":{"start":{"line":6,"column":13},"end":{"line":9,"column":1}},"1":{"start":{"line":7,"column":24},"end":{"line":7,"column":40}},"2":{"start":{"line":8,"column":2},"end":{"line":8,"column":57}}},"fnMap":{"0":{"name":"(anonymous_0)","decl":{"start":{"line":6,"column":13},"end":{"line":6,"column":14}},"loc":{"start":{"line":6,"column":19},"end":{"line":9,"column":1}},"line":6}},"branchMap":{"0":{"loc":{"start":{"line":8,"column":9},"end":{"line":8,"column":57}},"type":"cond-expr","locations":[{"start":{"line":8,"column":27},"end":{"line":8,"column":40}},{"start":{"line":8,"column":43},"end":{"line":8,"column":57}}],"line":8}},"s":{"0":3,"1":1,"2":1},"f":{"0":1},"b":{"0":[1,0]},"_coverageSchema":"1a1c01bbd47fc00a2c39e90264f33305004495a9","hash":"7c17e569f6f6d02cffb329e104379dbf3833fea1"}
,"F:\\ECommerceApp\\ecommerceapp\\src\\components\\navbar\\index.js": {"path":"F:\\ECommerceApp\\ecommerceapp\\src\\components\\navbar\\index.js","statementMap":{"0":{"start":{"line":20,"column":20},"end":{"line":20,"column":23}},"1":{"start":{"line":21,"column":17},"end":{"line":21,"column":33}},"2":{"start":{"line":23,"column":15},"end":{"line":104,"column":1}},"3":{"start":{"line":24,"column":38},"end":{"line":24,"column":53}},"4":{"start":{"line":25,"column":22},"end":{"line":25,"column":38}},"5":{"start":{"line":26,"column":19},"end":{"line":26,"column":32}},"6":{"start":{"line":28,"column":29},"end":{"line":30,"column":3}},"7":{"start":{"line":29,"column":4},"end":{"line":29,"column":31}},"8":{"start":{"line":32,"column":22},"end":{"line":34,"column":3}},"9":{"start":{"line":33,"column":4},"end":{"line":33,"column":45}},"10":{"start":{"line":37,"column":4},"end":{"line":51,"column":10}},"11":{"start":{"line":44,"column":10},"end":{"line":48,"column":21}},"12":{"start":{"line":44,"column":61},"end":{"line":44,"column":78}},"13":{"start":{"line":54,"column":20},"end":{"line":54,"column":83}},"14":{"start":{"line":54,"column":49},"end":{"line":54,"column":71}},"15":{"start":{"line":56,"column":2},"end":{"line":103,"column":3}},"16":{"start":{"line":78,"column":14},"end":{"line":80,"column":23}},"17":{"start":{"line":78,"column":71},"end":{"line":78,"column":88}}},"fnMap":{"0":{"name":"(anonymous_0)","decl":{"start":{"line":23,"column":15},"end":{"line":23,"column":16}},"loc":{"start":{"line":23,"column":31},"end":{"line":104,"column":1}},"line":23},"1":{"name":"(anonymous_1)","decl":{"start":{"line":28,"column":29},"end":{"line":28,"column":30}},"loc":{"start":{"line":28,"column":35},"end":{"line":30,"column":3}},"line":28},"2":{"name":"(anonymous_2)","decl":{"start":{"line":32,"column":22},"end":{"line":32,"column":23}},"loc":{"start":{"line":32,"column":32},"end":{"line":34,"column":3}},"line":32},"3":{"name":"(anonymous_3)","decl":{"start":{"line":43,"column":22},"end":{"line":43,"column":23}},"loc":{"start":{"line":44,"column":10},"end":{"line":48,"column":21}},"line":44},"4":{"name":"(anonymous_4)","decl":{"start":{"line":44,"column":55},"end":{"line":44,"column":56}},"loc":{"start":{"line":44,"column":61},"end":{"line":44,"column":78}},"line":44},"5":{"name":"(anonymous_5)","decl":{"start":{"line":54,"column":43},"end":{"line":54,"column":44}},"loc":{"start":{"line":54,"column":49},"end":{"line":54,"column":71}},"line":54},"6":{"name":"(anonymous_6)","decl":{"start":{"line":77,"column":26},"end":{"line":77,"column":27}},"loc":{"start":{"line":78,"column":14},"end":{"line":80,"column":23}},"line":78},"7":{"name":"(anonymous_7)","decl":{"start":{"line":78,"column":65},"end":{"line":78,"column":66}},"loc":{"start":{"line":78,"column":71},"end":{"line":78,"column":88}},"line":78}},"branchMap":{"0":{"loc":{"start":{"line":33,"column":13},"end":{"line":33,"column":43}},"type":"cond-expr","locations":[{"start":{"line":33,"column":31},"end":{"line":33,"column":34}},{"start":{"line":33,"column":37},"end":{"line":33,"column":43}}],"line":33},"1":{"loc":{"start":{"line":54,"column":20},"end":{"line":54,"column":83}},"type":"cond-expr","locations":[{"start":{"line":54,"column":43},"end":{"line":54,"column":71}},{"start":{"line":54,"column":74},"end":{"line":54,"column":83}}],"line":54},"2":{"loc":{"start":{"line":79,"column":17},"end":{"line":79,"column":134}},"type":"cond-expr","locations":[{"start":{"line":79,"column":36},"end":{"line":79,"column":126}},{"start":{"line":79,"column":130},"end":{"line":79,"column":134}}],"line":79}},"s":{"0":1,"1":1,"2":1,"3":2,"4":2,"5":2,"6":2,"7":0,"8":2,"9":1,"10":2,"11":4,"12":0,"13":2,"14":0,"15":2,"16":4,"17":1},"f":{"0":2,"1":0,"2":1,"3":4,"4":0,"5":0,"6":4,"7":1},"b":{"0":[0,1],"1":[0,2],"2":[2,2]},"_coverageSchema":"1a1c01bbd47fc00a2c39e90264f33305004495a9","hash":"81bb4e21250da62e2ac5d4f58c2219fba8091517"}
,"F:\\ECommerceApp\\ecommerceapp\\src\\components\\product\\index.js": {"path":"F:\\ECommerceApp\\ecommerceapp\\src\\components\\product\\index.js","statementMap":{"0":{"start":{"line":14,"column":25},"end":{"line":18,"column":1}},"1":{"start":{"line":20,"column":24},"end":{"line":22,"column":1}},"2":{"start":{"line":24,"column":16},"end":{"line":89,"column":1}},"3":{"start":{"line":25,"column":19},"end":{"line":25,"column":32}},"4":{"start":{"line":26,"column":22},"end":{"line":26,"column":38}},"5":{"start":{"line":27,"column":48},"end":{"line":27,"column":55}},"6":{"start":{"line":29,"column":30},"end":{"line":31,"column":3}},"7":{"start":{"line":30,"column":4},"end":{"line":30,"column":30}},"8":{"start":{"line":33,"column":25},"end":{"line":35,"column":3}},"9":{"start":{"line":34,"column":4},"end":{"line":34,"column":59}},"10":{"start":{"line":34,"column":20},"end":{"line":34,"column":57}},"11":{"start":{"line":34,"column":42},"end":{"line":34,"column":56}},"12":{"start":{"line":37,"column":25},"end":{"line":57,"column":3}},"13":{"start":{"line":38,"column":4},"end":{"line":56,"column":7}},"14":{"start":{"line":38,"column":20},"end":{"line":56,"column":6}},"15":{"start":{"line":39,"column":6},"end":{"line":53,"column":7}},"16":{"start":{"line":40,"column":8},"end":{"line":45,"column":9}},"17":{"start":{"line":41,"column":10},"end":{"line":44,"column":11}},"18":{"start":{"line":47,"column":8},"end":{"line":52,"column":9}},"19":{"start":{"line":48,"column":10},"end":{"line":51,"column":11}},"20":{"start":{"line":55,"column":6},"end":{"line":55,"column":18}},"21":{"start":{"line":59,"column":2},"end":{"line":88,"column":4}},"22":{"start":{"line":77,"column":65},"end":{"line":77,"column":86}},"23":{"start":{"line":79,"column":65},"end":{"line":79,"column":86}}},"fnMap":{"0":{"name":"(anonymous_0)","decl":{"start":{"line":24,"column":16},"end":{"line":24,"column":17}},"loc":{"start":{"line":24,"column":39},"end":{"line":89,"column":1}},"line":24},"1":{"name":"(anonymous_1)","decl":{"start":{"line":29,"column":30},"end":{"line":29,"column":31}},"loc":{"start":{"line":29,"column":36},"end":{"line":31,"column":3}},"line":29},"2":{"name":"(anonymous_2)","decl":{"start":{"line":33,"column":25},"end":{"line":33,"column":26}},"loc":{"start":{"line":33,"column":31},"end":{"line":35,"column":3}},"line":33},"3":{"name":"(anonymous_3)","decl":{"start":{"line":34,"column":12},"end":{"line":34,"column":13}},"loc":{"start":{"line":34,"column":20},"end":{"line":34,"column":57}},"line":34},"4":{"name":"(anonymous_4)","decl":{"start":{"line":34,"column":32},"end":{"line":34,"column":33}},"loc":{"start":{"line":34,"column":42},"end":{"line":34,"column":56}},"line":34},"5":{"name":"(anonymous_5)","decl":{"start":{"line":37,"column":25},"end":{"line":37,"column":26}},"loc":{"start":{"line":37,"column":40},"end":{"line":57,"column":3}},"line":37},"6":{"name":"(anonymous_6)","decl":{"start":{"line":38,"column":12},"end":{"line":38,"column":13}},"loc":{"start":{"line":38,"column":20},"end":{"line":56,"column":6}},"line":38},"7":{"name":"(anonymous_7)","decl":{"start":{"line":38,"column":29},"end":{"line":38,"column":30}},"loc":{"start":{"line":38,"column":39},"end":{"line":56,"column":5}},"line":38},"8":{"name":"(anonymous_8)","decl":{"start":{"line":77,"column":59},"end":{"line":77,"column":60}},"loc":{"start":{"line":77,"column":65},"end":{"line":77,"column":86}},"line":77},"9":{"name":"(anonymous_9)","decl":{"start":{"line":79,"column":59},"end":{"line":79,"column":60}},"loc":{"start":{"line":79,"column":65},"end":{"line":79,"column":86}},"line":79}},"branchMap":{"0":{"loc":{"start":{"line":39,"column":6},"end":{"line":53,"column":7}},"type":"if","locations":[{"start":{"line":39,"column":6},"end":{"line":53,"column":7}},{"start":{},"end":{}}],"line":39},"1":{"loc":{"start":{"line":40,"column":8},"end":{"line":45,"column":9}},"type":"if","locations":[{"start":{"line":40,"column":8},"end":{"line":45,"column":9}},{"start":{},"end":{}}],"line":40},"2":{"loc":{"start":{"line":47,"column":8},"end":{"line":52,"column":9}},"type":"if","locations":[{"start":{"line":47,"column":8},"end":{"line":52,"column":9}},{"start":{},"end":{}}],"line":47},"3":{"loc":{"start":{"line":47,"column":12},"end":{"line":47,"column":52}},"type":"binary-expr","locations":[{"start":{"line":47,"column":12},"end":{"line":47,"column":31}},{"start":{"line":47,"column":35},"end":{"line":47,"column":52}}],"line":47},"4":{"loc":{"start":{"line":75,"column":11},"end":{"line":81,"column":11}},"type":"binary-expr","locations":[{"start":{"line":75,"column":11},"end":{"line":75,"column":26}},{"start":{"line":76,"column":12},"end":{"line":80,"column":18}}],"line":75},"5":{"loc":{"start":{"line":84,"column":11},"end":{"line":84,"column":207}},"type":"cond-expr","locations":[{"start":{"line":84,"column":30},"end":{"line":84,"column":123}},{"start":{"line":84,"column":128},"end":{"line":84,"column":206}}],"line":84}},"s":{"0":4,"1":4,"2":4,"3":3,"4":3,"5":3,"6":3,"7":1,"8":3,"9":0,"10":0,"11":0,"12":3,"13":0,"14":0,"15":0,"16":0,"17":0,"18":0,"19":0,"20":0,"21":3,"22":0,"23":0},"f":{"0":3,"1":1,"2":0,"3":0,"4":0,"5":0,"6":0,"7":0,"8":0,"9":0},"b":{"0":[0,0],"1":[0,0],"2":[0,0],"3":[0,0],"4":[3,1],"5":[1,2]},"_coverageSchema":"1a1c01bbd47fc00a2c39e90264f33305004495a9","hash":"a396cf2e366160f9777bc2417ee1b7176e966c2c"}
,"F:\\ECommerceApp\\ecommerceapp\\src\\components\\productDetail\\index.js": {"path":"F:\\ECommerceApp\\ecommerceapp\\src\\components\\productDetail\\index.js","statementMap":{"0":{"start":{"line":9,"column":28},"end":{"line":11,"column":1}},"1":{"start":{"line":13,"column":22},"end":{"line":56,"column":1}},"2":{"start":{"line":14,"column":30},"end":{"line":14,"column":46}},"3":{"start":{"line":15,"column":26},"end":{"line":15,"column":37}},"4":{"start":{"line":16,"column":48},"end":{"line":16,"column":62}},"5":{"start":{"line":18,"column":4},"end":{"line":22,"column":10}},"6":{"start":{"line":19,"column":8},"end":{"line":21,"column":74}},"7":{"start":{"line":20,"column":25},"end":{"line":20,"column":35}},"8":{"start":{"line":21,"column":28},"end":{"line":21,"column":46}},"9":{"start":{"line":21,"column":47},"end":{"line":21,"column":70}},"10":{"start":{"line":24,"column":4},"end":{"line":24,"column":80}},"11":{"start":{"line":24,"column":25},"end":{"line":24,"column":80}},"12":{"start":{"line":26,"column":22},"end":{"line":28,"column":5}},"13":{"start":{"line":27,"column":8},"end":{"line":27,"column":71}},"14":{"start":{"line":27,"column":24},"end":{"line":27,"column":69}},"15":{"start":{"line":30,"column":59},"end":{"line":30,"column":73}},"16":{"start":{"line":32,"column":23},"end":{"line":32,"column":97}},"17":{"start":{"line":32,"column":67},"end":{"line":32,"column":89}},"18":{"start":{"line":34,"column":4},"end":{"line":55,"column":5}}},"fnMap":{"0":{"name":"(anonymous_0)","decl":{"start":{"line":13,"column":22},"end":{"line":13,"column":23}},"loc":{"start":{"line":13,"column":28},"end":{"line":56,"column":1}},"line":13},"1":{"name":"(anonymous_1)","decl":{"start":{"line":18,"column":14},"end":{"line":18,"column":15}},"loc":{"start":{"line":18,"column":20},"end":{"line":22,"column":5}},"line":18},"2":{"name":"(anonymous_2)","decl":{"start":{"line":20,"column":18},"end":{"line":20,"column":19}},"loc":{"start":{"line":20,"column":25},"end":{"line":20,"column":35}},"line":20},"3":{"name":"(anonymous_3)","decl":{"start":{"line":21,"column":18},"end":{"line":21,"column":19}},"loc":{"start":{"line":21,"column":26},"end":{"line":21,"column":72}},"line":21},"4":{"name":"(anonymous_4)","decl":{"start":{"line":26,"column":22},"end":{"line":26,"column":23}},"loc":{"start":{"line":26,"column":28},"end":{"line":28,"column":5}},"line":26},"5":{"name":"(anonymous_5)","decl":{"start":{"line":27,"column":16},"end":{"line":27,"column":17}},"loc":{"start":{"line":27,"column":24},"end":{"line":27,"column":69}},"line":27},"6":{"name":"(anonymous_6)","decl":{"start":{"line":32,"column":57},"end":{"line":32,"column":58}},"loc":{"start":{"line":32,"column":67},"end":{"line":32,"column":89}},"line":32}},"branchMap":{"0":{"loc":{"start":{"line":24,"column":4},"end":{"line":24,"column":80}},"type":"if","locations":[{"start":{"line":24,"column":4},"end":{"line":24,"column":80}},{"start":{},"end":{}}],"line":24},"1":{"loc":{"start":{"line":32,"column":23},"end":{"line":32,"column":97}},"type":"binary-expr","locations":[{"start":{"line":32,"column":23},"end":{"line":32,"column":38}},{"start":{"line":32,"column":42},"end":{"line":32,"column":97}}],"line":32},"2":{"loc":{"start":{"line":34,"column":11},"end":{"line":55,"column":5}},"type":"binary-expr","locations":[{"start":{"line":34,"column":11},"end":{"line":34,"column":25}},{"start":{"line":35,"column":8},"end":{"line":54,"column":30}}],"line":34}},"s":{"0":3,"1":3,"2":2,"3":2,"4":2,"5":2,"6":1,"7":1,"8":1,"9":1,"10":2,"11":1,"12":1,"13":1,"14":1,"15":1,"16":1,"17":0,"18":1},"f":{"0":2,"1":1,"2":1,"3":1,"4":1,"5":1,"6":0},"b":{"0":[1,1],"1":[1,0],"2":[1,1]},"_coverageSchema":"1a1c01bbd47fc00a2c39e90264f33305004495a9","hash":"51f8a1d2e9bf7aa9ec4a46df2a83c40f15f789a5"}
,"F:\\ECommerceApp\\ecommerceapp\\src\\components\\products\\index.js": {"path":"F:\\ECommerceApp\\ecommerceapp\\src\\components\\products\\index.js","statementMap":{"0":{"start":{"line":7,"column":19},"end":{"line":9,"column":1}},"1":{"start":{"line":11,"column":17},"end":{"line":19,"column":1}},"2":{"start":{"line":12,"column":25},"end":{"line":12,"column":40}},"3":{"start":{"line":14,"column":20},"end":{"line":14,"column":93}},"4":{"start":{"line":14,"column":46},"end":{"line":14,"column":92}},"5":{"start":{"line":16,"column":4},"end":{"line":18,"column":17}}},"fnMap":{"0":{"name":"(anonymous_0)","decl":{"start":{"line":11,"column":17},"end":{"line":11,"column":18}},"loc":{"start":{"line":11,"column":23},"end":{"line":19,"column":1}},"line":11},"1":{"name":"(anonymous_1)","decl":{"start":{"line":14,"column":33},"end":{"line":14,"column":34}},"loc":{"start":{"line":14,"column":46},"end":{"line":14,"column":92}},"line":14}},"branchMap":{},"s":{"0":4,"1":4,"2":2,"3":2,"4":1,"5":2},"f":{"0":2,"1":1},"b":{},"_coverageSchema":"1a1c01bbd47fc00a2c39e90264f33305004495a9","hash":"e5940da44c2a115132a74e9686de37a43c4e0977"}
}
