TN:
SF:src\App.js
FN:10,App
FN:13,(anonymous_1)
FN:15,(anonymous_2)
FN:16,(anonymous_3)
FNF:4
FNH:4
FNDA:1,App
FNDA:1,(anonymous_1)
FNDA:1,(anonymous_2)
FNDA:1,(anonymous_3)
DA:11,1
DA:13,1
DA:14,1
DA:15,1
DA:16,1
DA:19,1
LF:6
LH:6
BRF:0
BRH:0
end_of_record
TN:
SF:src\routes.js
FN:7,(anonymous_0)
FNF:1
FNH:1
FNDA:1,(anonymous_0)
DA:7,3
DA:8,1
LF:2
LH:2
BRF:0
BRH:0
end_of_record
TN:
SF:src\components\cart\EmptyCart.js
FN:10,(anonymous_0)
FNF:1
FNH:1
FNDA:1,(anonymous_0)
DA:6,3
DA:10,3
DA:11,1
LF:3
LH:3
BRF:0
BRH:0
end_of_record
TN:
SF:src\components\cart\FilledCart.js
FN:12,(anonymous_0)
FN:16,(anonymous_1)
FNF:2
FNH:2
FNDA:1,(anonymous_0)
FNDA:1,(anonymous_1)
DA:8,3
DA:12,3
DA:13,1
DA:14,1
DA:16,1
LF:5
LH:5
BRF:0
BRH:0
end_of_record
TN:
SF:src\components\cart\index.js
FN:6,(anonymous_0)
FNF:1
FNH:1
FNDA:1,(anonymous_0)
DA:6,3
DA:7,1
DA:8,1
LF:3
LH:3
BRDA:8,0,0,1
BRDA:8,0,1,0
BRF:2
BRH:1
end_of_record
TN:
SF:src\components\navbar\index.js
FN:23,(anonymous_0)
FN:28,(anonymous_1)
FN:32,(anonymous_2)
FN:43,(anonymous_3)
FN:44,(anonymous_4)
FN:54,(anonymous_5)
FN:77,(anonymous_6)
FN:78,(anonymous_7)
FNF:8
FNH:5
FNDA:2,(anonymous_0)
FNDA:0,(anonymous_1)
FNDA:1,(anonymous_2)
FNDA:4,(anonymous_3)
FNDA:0,(anonymous_4)
FNDA:0,(anonymous_5)
FNDA:4,(anonymous_6)
FNDA:1,(anonymous_7)
DA:20,1
DA:21,1
DA:23,1
DA:24,2
DA:25,2
DA:26,2
DA:28,2
DA:29,0
DA:32,2
DA:33,1
DA:37,2
DA:44,4
DA:54,2
DA:56,2
DA:78,4
LF:15
LH:14
BRDA:33,0,0,0
BRDA:33,0,1,1
BRDA:54,1,0,0
BRDA:54,1,1,2
BRDA:79,2,0,2
BRDA:79,2,1,2
BRF:6
BRH:4
end_of_record
TN:
SF:src\components\product\index.js
FN:24,(anonymous_0)
FN:29,(anonymous_1)
FN:33,(anonymous_2)
FN:34,(anonymous_3)
FN:34,(anonymous_4)
FN:37,(anonymous_5)
FN:38,(anonymous_6)
FN:38,(anonymous_7)
FN:77,(anonymous_8)
FN:79,(anonymous_9)
FNF:10
FNH:2
FNDA:3,(anonymous_0)
FNDA:1,(anonymous_1)
FNDA:0,(anonymous_2)
FNDA:0,(anonymous_3)
FNDA:0,(anonymous_4)
FNDA:0,(anonymous_5)
FNDA:0,(anonymous_6)
FNDA:0,(anonymous_7)
FNDA:0,(anonymous_8)
FNDA:0,(anonymous_9)
DA:14,4
DA:20,4
DA:24,4
DA:25,3
DA:26,3
DA:27,3
DA:29,3
DA:30,1
DA:33,3
DA:34,0
DA:37,3
DA:38,0
DA:39,0
DA:40,0
DA:41,0
DA:47,0
DA:48,0
DA:55,0
DA:59,3
DA:77,0
DA:79,0
LF:21
LH:11
BRDA:39,0,0,0
BRDA:39,0,1,0
BRDA:40,1,0,0
BRDA:40,1,1,0
BRDA:47,2,0,0
BRDA:47,2,1,0
BRDA:47,3,0,0
BRDA:47,3,1,0
BRDA:75,4,0,3
BRDA:75,4,1,1
BRDA:84,5,0,1
BRDA:84,5,1,2
BRF:12
BRH:4
end_of_record
TN:
SF:src\components\productDetail\index.js
FN:13,(anonymous_0)
FN:18,(anonymous_1)
FN:20,(anonymous_2)
FN:21,(anonymous_3)
FN:26,(anonymous_4)
FN:27,(anonymous_5)
FN:32,(anonymous_6)
FNF:7
FNH:6
FNDA:2,(anonymous_0)
FNDA:1,(anonymous_1)
FNDA:1,(anonymous_2)
FNDA:1,(anonymous_3)
FNDA:1,(anonymous_4)
FNDA:1,(anonymous_5)
FNDA:0,(anonymous_6)
DA:9,3
DA:13,3
DA:14,2
DA:15,2
DA:16,2
DA:18,2
DA:19,1
DA:20,1
DA:21,1
DA:24,2
DA:26,1
DA:27,1
DA:30,1
DA:32,1
DA:34,1
LF:15
LH:15
BRDA:24,0,0,1
BRDA:24,0,1,1
BRDA:32,1,0,1
BRDA:32,1,1,0
BRDA:34,2,0,1
BRDA:34,2,1,1
BRF:6
BRH:5
end_of_record
TN:
SF:src\components\products\index.js
FN:11,(anonymous_0)
FN:14,(anonymous_1)
FNF:2
FNH:2
FNDA:2,(anonymous_0)
FNDA:1,(anonymous_1)
DA:7,4
DA:11,4
DA:12,2
DA:14,2
DA:16,2
LF:5
LH:5
BRF:0
BRH:0
end_of_record
